<?xml version="1.0" encoding="UTF-8"?>
<!-- Generated by org.testng.reporters.JUnitReportReporter -->
<testsuite hostname="balnur" name="testng.StudentTest" tests="3" failures="0" timestamp="7 Sep 2016 18:38:07 GMT" time="0.006" errors="0">
  <testcase name="testGpa" time="0.001" classname="testng.StudentTest"/>
  <testcase name="testName" time="0.001" classname="testng.StudentTest"/>
  <testcase name="testAge" time="0.004" classname="testng.StudentTest"/>
</testsuite> <!-- testng.StudentTest -->
